<?xml version="1.0" encoding="UTF-8"?>
<!-- Generated by org.testng.reporters.JUnitXMLReporter -->
<testsuite hostname="admin-PC" ignored="0" name="Default test" tests="3" failures="0" timestamp="2021-01-15T23:17:51 IST" time="76.384" errors="0">
  <testcase name="collectLinks" time="25.063" classname="demo.ExtentReportDemo"/>
  <testcase name="scrollDemo" time="7.958" classname="demo.ExtentReportDemo"/>
  <testcase name="scrollView" time="23.275" classname="demo.ExtentReportDemo"/>
</testsuite> <!-- Default test -->
